<?xml version="1.0" encoding="UTF-8"?>
<!-- Generated by org.testng.reporters.JUnitReportReporter -->
<testsuite skipped="0" hostname="LAPTOP-GJH257J4" name="com.ces.tests.LoginTests" tests="2" failures="0" timestamp="02 May 2021 02:57:50 GMT" time="35.283" errors="0">
  <testcase name="successful_login_test" time="12.469" classname="com.ces.tests.LoginTests"/>
  <testcase name="unsuccessful_login" time="22.814" classname="com.ces.tests.LoginTests"/>
</testsuite> <!-- com.ces.tests.LoginTests -->
